Determining if the pthread_create exist failed with the following output:
Change Dir: /home/ying/Documents/Avatar/build/CMakeFiles/CMakeTmp

Run Build Command:/usr/bin/make "cmTryCompileExec3526950944/fast"
/usr/bin/make -f CMakeFiles/cmTryCompileExec3526950944.dir/build.make CMakeFiles/cmTryCompileExec3526950944.dir/build
make[1]: Entering directory '/home/ying/Documents/Avatar/build/CMakeFiles/CMakeTmp'
/usr/bin/cmake -E cmake_progress_report /home/ying/Documents/Avatar/build/CMakeFiles/CMakeTmp/CMakeFiles 1
Building C object CMakeFiles/cmTryCompileExec3526950944.dir/CheckSymbolExists.c.o
/usr/bin/cc    -o CMakeFiles/cmTryCompileExec3526950944.dir/CheckSymbolExists.c.o   -c /home/ying/Documents/Avatar/build/CMakeFiles/CMakeTmp/CheckSymbolExists.c
Linking C executable cmTryCompileExec3526950944
/usr/bin/cmake -E cmake_link_script CMakeFiles/cmTryCompileExec3526950944.dir/link.txt --verbose=1
/usr/bin/cc       CMakeFiles/cmTryCompileExec3526950944.dir/CheckSymbolExists.c.o  -o cmTryCompileExec3526950944 -rdynamic 
CMakeFiles/cmTryCompileExec3526950944.dir/CheckSymbolExists.c.o: In function `main':
CheckSymbolExists.c:(.text+0x16): undefined reference to `pthread_create'
collect2: error: ld returned 1 exit status
CMakeFiles/cmTryCompileExec3526950944.dir/build.make:88: recipe for target 'cmTryCompileExec3526950944' failed
make[1]: Leaving directory '/home/ying/Documents/Avatar/build/CMakeFiles/CMakeTmp'
make[1]: *** [cmTryCompileExec3526950944] Error 1
Makefile:114: recipe for target 'cmTryCompileExec3526950944/fast' failed
make: *** [cmTryCompileExec3526950944/fast] Error 2

File /home/ying/Documents/Avatar/build/CMakeFiles/CMakeTmp/CheckSymbolExists.c:
/* */
#include <pthread.h>

int main(int argc, char** argv)
{
  (void)argv;
#ifndef pthread_create
  return ((int*)(&pthread_create))[argc];
#else
  (void)argc;
  return 0;
#endif
}

Determining if the function pthread_create exists in the pthreads failed with the following output:
Change Dir: /home/ying/Documents/Avatar/build/CMakeFiles/CMakeTmp

Run Build Command:/usr/bin/make "cmTryCompileExec2641952951/fast"
/usr/bin/make -f CMakeFiles/cmTryCompileExec2641952951.dir/build.make CMakeFiles/cmTryCompileExec2641952951.dir/build
make[1]: Entering directory '/home/ying/Documents/Avatar/build/CMakeFiles/CMakeTmp'
/usr/bin/cmake -E cmake_progress_report /home/ying/Documents/Avatar/build/CMakeFiles/CMakeTmp/CMakeFiles 1
Building C object CMakeFiles/cmTryCompileExec2641952951.dir/CheckFunctionExists.c.o
/usr/bin/cc   -DCHECK_FUNCTION_EXISTS=pthread_create   -o CMakeFiles/cmTryCompileExec2641952951.dir/CheckFunctionExists.c.o   -c /usr/share/cmake-2.8/Modules/CheckFunctionExists.c
Linking C executable cmTryCompileExec2641952951
/usr/bin/cmake -E cmake_link_script CMakeFiles/cmTryCompileExec2641952951.dir/link.txt --verbose=1
/usr/bin/cc   -DCHECK_FUNCTION_EXISTS=pthread_create    CMakeFiles/cmTryCompileExec2641952951.dir/CheckFunctionExists.c.o  -o cmTryCompileExec2641952951 -rdynamic -lpthreads 
/usr/bin/ld: cannot find -lpthreads
collect2: error: ld returned 1 exit status
CMakeFiles/cmTryCompileExec2641952951.dir/build.make:88: recipe for target 'cmTryCompileExec2641952951' failed
make[1]: Leaving directory '/home/ying/Documents/Avatar/build/CMakeFiles/CMakeTmp'
make[1]: *** [cmTryCompileExec2641952951] Error 1
Makefile:114: recipe for target 'cmTryCompileExec2641952951/fast' failed
make: *** [cmTryCompileExec2641952951/fast] Error 2


